[ 2019-04-10T08:29:28+08:00 ] 127.0.0.1 /favicon.ico
INFO: [ app_init ] --START--
INFO: Run Behavior\BuildLiteBehavior [ RunTime:0.000008s ]
INFO: [ app_init ] --END-- [ RunTime:0.000426s ]

[ 2019-04-10T16:49:36+08:00 ] 127.0.0.1 /Public/Uploads/20190410/sm_5cadae1a170ac.gif
INFO: [ app_init ] --START--
INFO: Run Behavior\BuildLiteBehavior [ RunTime:0.000007s ]
INFO: [ app_init ] --END-- [ RunTime:0.000456s ]

[ 2019-04-10T16:52:33+08:00 ] 127.0.0.1 /Public/Uploads/20190410/sm_5cadae1a170ac.gif
INFO: [ app_init ] --START--
INFO: Run Behavior\BuildLiteBehavior [ RunTime:0.000007s ]
INFO: [ app_init ] --END-- [ RunTime:0.000423s ]

[ 2019-04-10T16:52:55+08:00 ] 127.0.0.1 /Public/Uploads/20190410/sm_5cadaee29f2f0.gif
INFO: [ app_init ] --START--
INFO: Run Behavior\BuildLiteBehavior [ RunTime:0.000057s ]
INFO: [ app_init ] --END-- [ RunTime:0.001691s ]

[ 2019-04-10T16:54:22+08:00 ] 127.0.0.1 /Public/Uploads/20190410/sm_5cadaee29f2f0.gif
INFO: [ app_init ] --START--
INFO: Run Behavior\BuildLiteBehavior [ RunTime:0.000010s ]
INFO: [ app_init ] --END-- [ RunTime:0.000502s ]

[ 2019-04-10T16:55:00+08:00 ] 127.0.0.1 /Public/Uploads/20190410/sm_5cadaf608cced.png
INFO: [ app_init ] --START--
INFO: Run Behavior\BuildLiteBehavior [ RunTime:0.000006s ]
INFO: [ app_init ] --END-- [ RunTime:0.000468s ]

[ 2019-04-10T17:29:08+08:00 ] 127.0.0.1 /Public/Uploads/20190410/sm_5cadb75fcc3f8.gif
INFO: [ app_init ] --START--
INFO: Run Behavior\BuildLiteBehavior [ RunTime:0.000084s ]
INFO: [ app_init ] --END-- [ RunTime:0.003529s ]

[ 2019-04-10T17:30:16+08:00 ] 127.0.0.1 /Public/Uploads/20190410/sm_5cadb75fcc3f8.gif
INFO: [ app_init ] --START--
INFO: Run Behavior\BuildLiteBehavior [ RunTime:0.000009s ]
INFO: [ app_init ] --END-- [ RunTime:0.000577s ]

[ 2019-04-10T17:30:16+08:00 ] 127.0.0.1 /Public/Uploads/20190410/sm_5cadb7a3a68dd.png
INFO: [ app_init ] --START--
INFO: Run Behavior\BuildLiteBehavior [ RunTime:0.000037s ]
INFO: [ app_init ] --END-- [ RunTime:0.001188s ]

[ 2019-04-10T17:51:02+08:00 ] 127.0.0.1 /Public/Uploads/20190410/sm_5cadb75fcc3f8.gif
INFO: [ app_init ] --START--
INFO: Run Behavior\BuildLiteBehavior [ RunTime:0.000011s ]
INFO: [ app_init ] --END-- [ RunTime:0.000787s ]

[ 2019-04-10T17:51:02+08:00 ] 127.0.0.1 /Public/Uploads/20190410/sm_5cadb7a3a68dd.png
INFO: [ app_init ] --START--
INFO: Run Behavior\BuildLiteBehavior [ RunTime:0.000014s ]
INFO: [ app_init ] --END-- [ RunTime:0.000866s ]

[ 2019-04-10T17:51:03+08:00 ] 127.0.0.1 /Public/Uploads/20190410/sm_5cadb7a3a68dd.png
INFO: [ app_init ] --START--
INFO: Run Behavior\BuildLiteBehavior [ RunTime:0.000010s ]
INFO: [ app_init ] --END-- [ RunTime:0.000619s ]

[ 2019-04-10T17:51:03+08:00 ] 127.0.0.1 /Public/Uploads/20190410/sm_5cadb75fcc3f8.gif
INFO: [ app_init ] --START--
INFO: Run Behavior\BuildLiteBehavior [ RunTime:0.000013s ]
INFO: [ app_init ] --END-- [ RunTime:0.000860s ]

[ 2019-04-10T17:51:03+08:00 ] 127.0.0.1 /Public/Uploads/20190410/sm_5cadb75fcc3f8.gif
INFO: [ app_init ] --START--
INFO: Run Behavior\BuildLiteBehavior [ RunTime:0.000010s ]
INFO: [ app_init ] --END-- [ RunTime:0.000586s ]

[ 2019-04-10T17:51:03+08:00 ] 127.0.0.1 /Public/Uploads/20190410/sm_5cadb7a3a68dd.png
INFO: [ app_init ] --START--
INFO: Run Behavior\BuildLiteBehavior [ RunTime:0.000009s ]
INFO: [ app_init ] --END-- [ RunTime:0.000419s ]

[ 2019-04-10T17:51:03+08:00 ] 127.0.0.1 /Public/Uploads/20190410/sm_5cadb75fcc3f8.gif
INFO: [ app_init ] --START--
INFO: Run Behavior\BuildLiteBehavior [ RunTime:0.000009s ]
INFO: [ app_init ] --END-- [ RunTime:0.000622s ]

[ 2019-04-10T17:51:03+08:00 ] 127.0.0.1 /Public/Uploads/20190410/sm_5cadb7a3a68dd.png
INFO: [ app_init ] --START--
INFO: Run Behavior\BuildLiteBehavior [ RunTime:0.000011s ]
INFO: [ app_init ] --END-- [ RunTime:0.000636s ]

[ 2019-04-10T17:51:03+08:00 ] 127.0.0.1 /Public/Uploads/20190410/sm_5cadb75fcc3f8.gif
INFO: [ app_init ] --START--
INFO: Run Behavior\BuildLiteBehavior [ RunTime:0.000012s ]
INFO: [ app_init ] --END-- [ RunTime:0.000778s ]

[ 2019-04-10T17:51:03+08:00 ] 127.0.0.1 /Public/Uploads/20190410/sm_5cadb7a3a68dd.png
INFO: [ app_init ] --START--
INFO: Run Behavior\BuildLiteBehavior [ RunTime:0.000013s ]
INFO: [ app_init ] --END-- [ RunTime:0.000748s ]

[ 2019-04-10T17:51:04+08:00 ] 127.0.0.1 /Public/Uploads/20190410/sm_5cadb7a3a68dd.png
INFO: [ app_init ] --START--
INFO: Run Behavior\BuildLiteBehavior [ RunTime:0.000014s ]
INFO: [ app_init ] --END-- [ RunTime:0.000653s ]

[ 2019-04-10T17:51:04+08:00 ] 127.0.0.1 /Public/Uploads/20190410/sm_5cadb75fcc3f8.gif
INFO: [ app_init ] --START--
INFO: Run Behavior\BuildLiteBehavior [ RunTime:0.000006s ]
INFO: [ app_init ] --END-- [ RunTime:0.000446s ]

[ 2019-04-10T17:51:04+08:00 ] 127.0.0.1 /Public/Uploads/20190410/sm_5cadb75fcc3f8.gif
INFO: [ app_init ] --START--
INFO: Run Behavior\BuildLiteBehavior [ RunTime:0.000012s ]
INFO: [ app_init ] --END-- [ RunTime:0.000734s ]

[ 2019-04-10T17:51:04+08:00 ] 127.0.0.1 /Public/Uploads/20190410/sm_5cadb7a3a68dd.png
INFO: [ app_init ] --START--
INFO: Run Behavior\BuildLiteBehavior [ RunTime:0.000028s ]
INFO: [ app_init ] --END-- [ RunTime:0.000804s ]

[ 2019-04-10T17:51:04+08:00 ] 127.0.0.1 /Public/Uploads/20190410/sm_5cadb75fcc3f8.gif
INFO: [ app_init ] --START--
INFO: Run Behavior\BuildLiteBehavior [ RunTime:0.000006s ]
INFO: [ app_init ] --END-- [ RunTime:0.000402s ]

[ 2019-04-10T17:51:04+08:00 ] 127.0.0.1 /Public/Uploads/20190410/sm_5cadb7a3a68dd.png
INFO: [ app_init ] --START--
INFO: Run Behavior\BuildLiteBehavior [ RunTime:0.000009s ]
INFO: [ app_init ] --END-- [ RunTime:0.000628s ]

[ 2019-04-10T17:51:04+08:00 ] 127.0.0.1 /Public/Uploads/20190410/sm_5cadb75fcc3f8.gif
INFO: [ app_init ] --START--
INFO: Run Behavior\BuildLiteBehavior [ RunTime:0.000026s ]
INFO: [ app_init ] --END-- [ RunTime:0.002714s ]

[ 2019-04-10T17:51:04+08:00 ] 127.0.0.1 /Public/Uploads/20190410/sm_5cadb7a3a68dd.png
INFO: [ app_init ] --START--
INFO: Run Behavior\BuildLiteBehavior [ RunTime:0.000014s ]
INFO: [ app_init ] --END-- [ RunTime:0.003225s ]

[ 2019-04-10T17:51:05+08:00 ] 127.0.0.1 /Public/Uploads/20190410/sm_5cadb75fcc3f8.gif
INFO: [ app_init ] --START--
INFO: Run Behavior\BuildLiteBehavior [ RunTime:0.000011s ]
INFO: [ app_init ] --END-- [ RunTime:0.000682s ]

[ 2019-04-10T17:51:05+08:00 ] 127.0.0.1 /Public/Uploads/20190410/sm_5cadb7a3a68dd.png
INFO: [ app_init ] --START--
INFO: Run Behavior\BuildLiteBehavior [ RunTime:0.000006s ]
INFO: [ app_init ] --END-- [ RunTime:0.000453s ]

[ 2019-04-10T17:51:05+08:00 ] 127.0.0.1 /Public/Uploads/20190410/sm_5cadb7a3a68dd.png
INFO: [ app_init ] --START--
INFO: Run Behavior\BuildLiteBehavior [ RunTime:0.000022s ]
INFO: [ app_init ] --END-- [ RunTime:0.001390s ]

[ 2019-04-10T17:51:05+08:00 ] 127.0.0.1 /Public/Uploads/20190410/sm_5cadb75fcc3f8.gif
INFO: [ app_init ] --START--
INFO: Run Behavior\BuildLiteBehavior [ RunTime:0.000011s ]
INFO: [ app_init ] --END-- [ RunTime:0.000655s ]

[ 2019-04-10T17:51:05+08:00 ] 127.0.0.1 /Public/Uploads/20190410/sm_5cadb75fcc3f8.gif
INFO: [ app_init ] --START--
INFO: Run Behavior\BuildLiteBehavior [ RunTime:0.000011s ]
INFO: [ app_init ] --END-- [ RunTime:0.000797s ]

[ 2019-04-10T17:51:05+08:00 ] 127.0.0.1 /Public/Uploads/20190410/sm_5cadb7a3a68dd.png
INFO: [ app_init ] --START--
INFO: Run Behavior\BuildLiteBehavior [ RunTime:0.000014s ]
INFO: [ app_init ] --END-- [ RunTime:0.000767s ]

[ 2019-04-10T17:51:05+08:00 ] 127.0.0.1 /Public/Uploads/20190410/sm_5cadb75fcc3f8.gif
INFO: [ app_init ] --START--
INFO: Run Behavior\BuildLiteBehavior [ RunTime:0.000011s ]
INFO: [ app_init ] --END-- [ RunTime:0.000673s ]

[ 2019-04-10T17:51:05+08:00 ] 127.0.0.1 /Public/Uploads/20190410/sm_5cadb7a3a68dd.png
INFO: [ app_init ] --START--
INFO: Run Behavior\BuildLiteBehavior [ RunTime:0.000013s ]
INFO: [ app_init ] --END-- [ RunTime:0.000699s ]

[ 2019-04-10T17:51:06+08:00 ] 127.0.0.1 /Public/Uploads/20190410/sm_5cadb75fcc3f8.gif
INFO: [ app_init ] --START--
INFO: Run Behavior\BuildLiteBehavior [ RunTime:0.000009s ]
INFO: [ app_init ] --END-- [ RunTime:0.000622s ]

[ 2019-04-10T17:51:06+08:00 ] 127.0.0.1 /Public/Uploads/20190410/sm_5cadb7a3a68dd.png
INFO: [ app_init ] --START--
INFO: Run Behavior\BuildLiteBehavior [ RunTime:0.000017s ]
INFO: [ app_init ] --END-- [ RunTime:0.002756s ]

[ 2019-04-10T17:51:06+08:00 ] 127.0.0.1 /Public/Uploads/20190410/sm_5cadb75fcc3f8.gif
INFO: [ app_init ] --START--
INFO: Run Behavior\BuildLiteBehavior [ RunTime:0.000011s ]
INFO: [ app_init ] --END-- [ RunTime:0.000504s ]

[ 2019-04-10T17:51:06+08:00 ] 127.0.0.1 /Public/Uploads/20190410/sm_5cadb7a3a68dd.png
INFO: [ app_init ] --START--
INFO: Run Behavior\BuildLiteBehavior [ RunTime:0.000044s ]
INFO: [ app_init ] --END-- [ RunTime:0.001695s ]

[ 2019-04-10T17:51:06+08:00 ] 127.0.0.1 /Public/Uploads/20190410/sm_5cadb75fcc3f8.gif
INFO: [ app_init ] --START--
INFO: Run Behavior\BuildLiteBehavior [ RunTime:0.000009s ]
INFO: [ app_init ] --END-- [ RunTime:0.000595s ]

[ 2019-04-10T17:51:06+08:00 ] 127.0.0.1 /Public/Uploads/20190410/sm_5cadb7a3a68dd.png
INFO: [ app_init ] --START--
INFO: Run Behavior\BuildLiteBehavior [ RunTime:0.000009s ]
INFO: [ app_init ] --END-- [ RunTime:0.000406s ]

[ 2019-04-10T17:51:06+08:00 ] 127.0.0.1 /Public/Uploads/20190410/sm_5cadb75fcc3f8.gif
INFO: [ app_init ] --START--
INFO: Run Behavior\BuildLiteBehavior [ RunTime:0.000036s ]
INFO: [ app_init ] --END-- [ RunTime:0.000764s ]

[ 2019-04-10T17:51:06+08:00 ] 127.0.0.1 /Public/Uploads/20190410/sm_5cadb7a3a68dd.png
INFO: [ app_init ] --START--
INFO: Run Behavior\BuildLiteBehavior [ RunTime:0.000012s ]
INFO: [ app_init ] --END-- [ RunTime:0.000713s ]

[ 2019-04-10T17:51:07+08:00 ] 127.0.0.1 /Public/Uploads/20190410/sm_5cadb75fcc3f8.gif
INFO: [ app_init ] --START--
INFO: Run Behavior\BuildLiteBehavior [ RunTime:0.000011s ]
INFO: [ app_init ] --END-- [ RunTime:0.000680s ]

[ 2019-04-10T17:51:07+08:00 ] 127.0.0.1 /Public/Uploads/20190410/sm_5cadb7a3a68dd.png
INFO: [ app_init ] --START--
INFO: Run Behavior\BuildLiteBehavior [ RunTime:0.000010s ]
INFO: [ app_init ] --END-- [ RunTime:0.000782s ]

[ 2019-04-10T17:51:07+08:00 ] 127.0.0.1 /Public/Uploads/20190410/sm_5cadb7a3a68dd.png
INFO: [ app_init ] --START--
INFO: Run Behavior\BuildLiteBehavior [ RunTime:0.000007s ]
INFO: [ app_init ] --END-- [ RunTime:0.000436s ]

[ 2019-04-10T17:51:07+08:00 ] 127.0.0.1 /Public/Uploads/20190410/sm_5cadb75fcc3f8.gif
INFO: [ app_init ] --START--
INFO: Run Behavior\BuildLiteBehavior [ RunTime:0.000009s ]
INFO: [ app_init ] --END-- [ RunTime:0.000603s ]

[ 2019-04-10T18:00:57+08:00 ] 127.0.0.1 /Public/Uploads/20190410/sm_5cadb75fcc3f8.gif
INFO: [ app_init ] --START--
INFO: Run Behavior\BuildLiteBehavior [ RunTime:0.000012s ]
INFO: [ app_init ] --END-- [ RunTime:0.000829s ]

[ 2019-04-10T18:00:57+08:00 ] 127.0.0.1 /Public/Uploads/20190410/sm_5cadb7a3a68dd.png
INFO: [ app_init ] --START--
INFO: Run Behavior\BuildLiteBehavior [ RunTime:0.000012s ]
INFO: [ app_init ] --END-- [ RunTime:0.000763s ]

[ 2019-04-10T18:01:01+08:00 ] 127.0.0.1 /Public/Uploads/20190410/sm_5cadb75fcc3f8.gif
INFO: [ app_init ] --START--
INFO: Run Behavior\BuildLiteBehavior [ RunTime:0.000064s ]
INFO: [ app_init ] --END-- [ RunTime:0.001284s ]

[ 2019-04-10T18:01:01+08:00 ] 127.0.0.1 /Public/Uploads/20190410/sm_5cadb7a3a68dd.png
INFO: [ app_init ] --START--
INFO: Run Behavior\BuildLiteBehavior [ RunTime:0.000010s ]
INFO: [ app_init ] --END-- [ RunTime:0.000778s ]

[ 2019-04-10T18:01:21+08:00 ] 127.0.0.1 /Public/Uploads/20190410/sm_5cadb75fcc3f8.gif
INFO: [ app_init ] --START--
INFO: Run Behavior\BuildLiteBehavior [ RunTime:0.000012s ]
INFO: [ app_init ] --END-- [ RunTime:0.000606s ]

[ 2019-04-10T18:01:57+08:00 ] 127.0.0.1 /Public/Uploads/20190410/sm_5cadb75fcc3f8.gif
INFO: [ app_init ] --START--
INFO: Run Behavior\BuildLiteBehavior [ RunTime:0.000012s ]
INFO: [ app_init ] --END-- [ RunTime:0.000732s ]

[ 2019-04-10T18:01:57+08:00 ] 127.0.0.1 /Public/Uploads/20190410/sm_5cadb7a3a68dd.png
INFO: [ app_init ] --START--
INFO: Run Behavior\BuildLiteBehavior [ RunTime:0.000014s ]
INFO: [ app_init ] --END-- [ RunTime:0.001463s ]

[ 2019-04-10T18:04:28+08:00 ] 127.0.0.1 /Public/Uploads/20190410/sm_5cadb7a3a68dd.png
INFO: [ app_init ] --START--
INFO: Run Behavior\BuildLiteBehavior [ RunTime:0.000012s ]
INFO: [ app_init ] --END-- [ RunTime:0.000687s ]

[ 2019-04-10T18:04:28+08:00 ] 127.0.0.1 /Public/Uploads/20190410/sm_5cadb75fcc3f8.gif
INFO: [ app_init ] --START--
INFO: Run Behavior\BuildLiteBehavior [ RunTime:0.000012s ]
INFO: [ app_init ] --END-- [ RunTime:0.000703s ]

[ 2019-04-10T18:04:30+08:00 ] 127.0.0.1 /Public/Uploads/20190410/sm_5cadaf608cced.png
INFO: [ app_init ] --START--
INFO: Run Behavior\BuildLiteBehavior [ RunTime:0.000017s ]
INFO: [ app_init ] --END-- [ RunTime:0.000941s ]

[ 2019-04-10T18:04:35+08:00 ] 127.0.0.1 /Public/Uploads/20190410/sm_5cadb75fcc3f8.gif
INFO: [ app_init ] --START--
INFO: Run Behavior\BuildLiteBehavior [ RunTime:0.000009s ]
INFO: [ app_init ] --END-- [ RunTime:0.000598s ]

[ 2019-04-10T18:04:35+08:00 ] 127.0.0.1 /Public/Uploads/20190410/sm_5cadb7a3a68dd.png
INFO: [ app_init ] --START--
INFO: Run Behavior\BuildLiteBehavior [ RunTime:0.000013s ]
INFO: [ app_init ] --END-- [ RunTime:0.000750s ]

[ 2019-04-10T18:04:40+08:00 ] 127.0.0.1 /Public/Uploads/20190410/sm_5cadb7a3a68dd.png
INFO: [ app_init ] --START--
INFO: Run Behavior\BuildLiteBehavior [ RunTime:0.000066s ]
INFO: [ app_init ] --END-- [ RunTime:0.001588s ]

[ 2019-04-10T18:18:07+08:00 ] 127.0.0.1 /Public/Uploads/20190409/sm_sm_5cac7e59a09d3.png
INFO: [ app_init ] --START--
INFO: Run Behavior\BuildLiteBehavior [ RunTime:0.000016s ]
INFO: [ app_init ] --END-- [ RunTime:0.000886s ]

[ 2019-04-10T18:18:07+08:00 ] 127.0.0.1 /Public/Uploads/20190409/sm_sm_5cac7e66ba082.png
INFO: [ app_init ] --START--
INFO: Run Behavior\BuildLiteBehavior [ RunTime:0.000012s ]
INFO: [ app_init ] --END-- [ RunTime:0.000578s ]

[ 2019-04-10T18:18:07+08:00 ] 127.0.0.1 /Public/Uploads/20190409/sm_sm_5cac7ec02100e.png
INFO: [ app_init ] --START--
INFO: Run Behavior\BuildLiteBehavior [ RunTime:0.000009s ]
INFO: [ app_init ] --END-- [ RunTime:0.000477s ]

[ 2019-04-10T18:18:09+08:00 ] 127.0.0.1 /Public/Uploads/20190409/sm_sm_5cac62f6c4438.png
INFO: [ app_init ] --START--
INFO: Run Behavior\BuildLiteBehavior [ RunTime:0.000012s ]
INFO: [ app_init ] --END-- [ RunTime:0.000581s ]

[ 2019-04-10T18:18:09+08:00 ] 127.0.0.1 /Public/Uploads/20190410/sm_sm_5cadaf608cced.png
INFO: [ app_init ] --START--
INFO: Run Behavior\BuildLiteBehavior [ RunTime:0.000010s ]
INFO: [ app_init ] --END-- [ RunTime:0.000628s ]

[ 2019-04-10T18:18:14+08:00 ] 127.0.0.1 /Public/Uploads/20190410/sm_sm_5cadb7a3a68dd.png
INFO: [ app_init ] --START--
INFO: Run Behavior\BuildLiteBehavior [ RunTime:0.000010s ]
INFO: [ app_init ] --END-- [ RunTime:0.000520s ]

[ 2019-04-10T18:18:14+08:00 ] 127.0.0.1 /Public/Uploads/20190410/sm_sm_5cadc2d51094f.png
INFO: [ app_init ] --START--
INFO: Run Behavior\BuildLiteBehavior [ RunTime:0.000014s ]
INFO: [ app_init ] --END-- [ RunTime:0.000804s ]

[ 2019-04-10T18:18:14+08:00 ] 127.0.0.1 /Public/Uploads/20190410/sm_sm_5cadb75fcc3f8.gif
INFO: [ app_init ] --START--
INFO: Run Behavior\BuildLiteBehavior [ RunTime:0.000134s ]
INFO: [ app_init ] --END-- [ RunTime:0.001970s ]

[ 2019-04-10T18:18:17+08:00 ] 127.0.0.1 /Public/Uploads/20190409/sm_sm_5cac7e59a09d3.png
INFO: [ app_init ] --START--
INFO: Run Behavior\BuildLiteBehavior [ RunTime:0.000012s ]
INFO: [ app_init ] --END-- [ RunTime:0.001803s ]

[ 2019-04-10T18:18:17+08:00 ] 127.0.0.1 /Public/Uploads/20190409/sm_sm_5cac7e66ba082.png
INFO: [ app_init ] --START--
INFO: Run Behavior\BuildLiteBehavior [ RunTime:0.000010s ]
INFO: [ app_init ] --END-- [ RunTime:0.000695s ]

[ 2019-04-10T18:18:17+08:00 ] 127.0.0.1 /Public/Uploads/20190409/sm_sm_5cac7ec02100e.png
INFO: [ app_init ] --START--
INFO: Run Behavior\BuildLiteBehavior [ RunTime:0.000014s ]
INFO: [ app_init ] --END-- [ RunTime:0.000688s ]

[ 2019-04-10T18:19:21+08:00 ] 127.0.0.1 /Public/Uploads/20190409/sm_sm_5cac7e66ba082.png
INFO: [ app_init ] --START--
INFO: Run Behavior\BuildLiteBehavior [ RunTime:0.000012s ]
INFO: [ app_init ] --END-- [ RunTime:0.000646s ]

[ 2019-04-10T18:19:21+08:00 ] 127.0.0.1 /Public/Uploads/20190409/sm_sm_5cac7e59a09d3.png
INFO: [ app_init ] --START--
INFO: Run Behavior\BuildLiteBehavior [ RunTime:0.000010s ]
INFO: [ app_init ] --END-- [ RunTime:0.000668s ]

[ 2019-04-10T18:19:21+08:00 ] 127.0.0.1 /Public/Uploads/20190409/sm_sm_5cac7ec02100e.png
INFO: [ app_init ] --START--
INFO: Run Behavior\BuildLiteBehavior [ RunTime:0.000015s ]
INFO: [ app_init ] --END-- [ RunTime:0.000830s ]

[ 2019-04-10T18:19:23+08:00 ] 127.0.0.1 /Public/Uploads/20190409/sm_sm_5cac62f6c4438.png
INFO: [ app_init ] --START--
INFO: Run Behavior\BuildLiteBehavior [ RunTime:0.000010s ]
INFO: [ app_init ] --END-- [ RunTime:0.000629s ]

[ 2019-04-10T18:19:23+08:00 ] 127.0.0.1 /Public/Uploads/20190410/sm_sm_5cadaf608cced.png
INFO: [ app_init ] --START--
INFO: Run Behavior\BuildLiteBehavior [ RunTime:0.000011s ]
INFO: [ app_init ] --END-- [ RunTime:0.000962s ]

[ 2019-04-10T18:19:24+08:00 ] 127.0.0.1 /Public/Uploads/20190409/sm_sm_5cac7e66ba082.png
INFO: [ app_init ] --START--
INFO: Run Behavior\BuildLiteBehavior [ RunTime:0.000071s ]
INFO: [ app_init ] --END-- [ RunTime:0.001741s ]

[ 2019-04-10T18:19:24+08:00 ] 127.0.0.1 /Public/Uploads/20190409/sm_sm_5cac7e59a09d3.png
INFO: [ app_init ] --START--
INFO: Run Behavior\BuildLiteBehavior [ RunTime:0.000015s ]
INFO: [ app_init ] --END-- [ RunTime:0.000607s ]

[ 2019-04-10T18:19:24+08:00 ] 127.0.0.1 /Public/Uploads/20190409/sm_sm_5cac7ec02100e.png
INFO: [ app_init ] --START--
INFO: Run Behavior\BuildLiteBehavior [ RunTime:0.000014s ]
INFO: [ app_init ] --END-- [ RunTime:0.000669s ]

[ 2019-04-10T18:19:25+08:00 ] 127.0.0.1 /Public/Uploads/20190410/sm_sm_5cadb75fcc3f8.gif
INFO: [ app_init ] --START--
INFO: Run Behavior\BuildLiteBehavior [ RunTime:0.000010s ]
INFO: [ app_init ] --END-- [ RunTime:0.000804s ]

[ 2019-04-10T18:19:25+08:00 ] 127.0.0.1 /Public/Uploads/20190410/sm_sm_5cadb7a3a68dd.png
INFO: [ app_init ] --START--
INFO: Run Behavior\BuildLiteBehavior [ RunTime:0.000012s ]
INFO: [ app_init ] --END-- [ RunTime:0.000644s ]

[ 2019-04-10T18:19:25+08:00 ] 127.0.0.1 /Public/Uploads/20190410/sm_sm_5cadc2d51094f.png
INFO: [ app_init ] --START--
INFO: Run Behavior\BuildLiteBehavior [ RunTime:0.000009s ]
INFO: [ app_init ] --END-- [ RunTime:0.000626s ]

[ 2019-04-10T18:19:58+08:00 ] 127.0.0.1 /Public/Uploads/20190410/sm_5cadb75fcc3f8.gif
INFO: [ app_init ] --START--
INFO: Run Behavior\BuildLiteBehavior [ RunTime:0.000011s ]
INFO: [ app_init ] --END-- [ RunTime:0.000684s ]

[ 2019-04-10T18:19:58+08:00 ] 127.0.0.1 /Public/Uploads/20190410/sm_5cadb7a3a68dd.png
INFO: [ app_init ] --START--
INFO: Run Behavior\BuildLiteBehavior [ RunTime:0.000013s ]
INFO: [ app_init ] --END-- [ RunTime:0.001588s ]

[ 2019-04-10T18:20:08+08:00 ] 127.0.0.1 /Public/Uploads/20190410/sm_5cadaf608cced.png
INFO: [ app_init ] --START--
INFO: Run Behavior\BuildLiteBehavior [ RunTime:0.000011s ]
INFO: [ app_init ] --END-- [ RunTime:0.000892s ]

[ 2019-04-10T18:20:13+08:00 ] 127.0.0.1 /Public/Uploads/20190410/sm_5cadb75fcc3f8.gif
INFO: [ app_init ] --START--
INFO: Run Behavior\BuildLiteBehavior [ RunTime:0.000017s ]
INFO: [ app_init ] --END-- [ RunTime:0.001007s ]

[ 2019-04-10T18:20:13+08:00 ] 127.0.0.1 /Public/Uploads/20190410/sm_5cadb7a3a68dd.png
INFO: [ app_init ] --START--
INFO: Run Behavior\BuildLiteBehavior [ RunTime:0.000015s ]
INFO: [ app_init ] --END-- [ RunTime:0.003903s ]

[ 2019-04-10T18:23:37+08:00 ] 127.0.0.1 /Public/Uploads/20190410/sm_5cadaf608cced.png
INFO: [ app_init ] --START--
INFO: Run Behavior\BuildLiteBehavior [ RunTime:0.000015s ]
INFO: [ app_init ] --END-- [ RunTime:0.000904s ]

[ 2019-04-10T18:23:40+08:00 ] 127.0.0.1 /Public/Uploads/20190410/sm_5cadb75fcc3f8.gif
INFO: [ app_init ] --START--
INFO: Run Behavior\BuildLiteBehavior [ RunTime:0.000011s ]
INFO: [ app_init ] --END-- [ RunTime:0.000677s ]

[ 2019-04-10T18:23:40+08:00 ] 127.0.0.1 /Public/Uploads/20190410/sm_5cadb7a3a68dd.png
INFO: [ app_init ] --START--
INFO: Run Behavior\BuildLiteBehavior [ RunTime:0.000013s ]
INFO: [ app_init ] --END-- [ RunTime:0.001146s ]

[ 2019-04-10T18:24:21+08:00 ] 127.0.0.1 /Public/Uploads/20190410/sm_5cadb75fcc3f8.gif
INFO: [ app_init ] --START--
INFO: Run Behavior\BuildLiteBehavior [ RunTime:0.000014s ]
INFO: [ app_init ] --END-- [ RunTime:0.000658s ]

[ 2019-04-10T18:24:21+08:00 ] 127.0.0.1 /Public/Uploads/20190410/sm_5cadb7a3a68dd.png
INFO: [ app_init ] --START--
INFO: Run Behavior\BuildLiteBehavior [ RunTime:0.000012s ]
INFO: [ app_init ] --END-- [ RunTime:0.000642s ]

[ 2019-04-10T18:24:27+08:00 ] 127.0.0.1 /Public/Uploads/20190410/sm_5cadb7a3a68dd.png
INFO: [ app_init ] --START--
INFO: Run Behavior\BuildLiteBehavior [ RunTime:0.000159s ]
INFO: [ app_init ] --END-- [ RunTime:0.006426s ]

[ 2019-04-10T18:32:49+08:00 ] 127.0.0.1 /Public/Uploads/20190410/sm_5cadb75fcc3f8.gif
INFO: [ app_init ] --START--
INFO: Run Behavior\BuildLiteBehavior [ RunTime:0.000009s ]
INFO: [ app_init ] --END-- [ RunTime:0.000577s ]

[ 2019-04-10T18:32:49+08:00 ] 127.0.0.1 /Public/Uploads/20190410/sm_5cadb7a3a68dd.png
INFO: [ app_init ] --START--
INFO: Run Behavior\BuildLiteBehavior [ RunTime:0.000015s ]
INFO: [ app_init ] --END-- [ RunTime:0.000959s ]

[ 2019-04-10T18:32:56+08:00 ] 127.0.0.1 /Public/Uploads/20190410/sm_5cadaf608cced.png
INFO: [ app_init ] --START--
INFO: Run Behavior\BuildLiteBehavior [ RunTime:0.000012s ]
INFO: [ app_init ] --END-- [ RunTime:0.000749s ]

[ 2019-04-10T18:36:33+08:00 ] 127.0.0.1 /Public/Uploads/20190409/sm_sm_5cac7e66ba082.png
INFO: [ app_init ] --START--
INFO: Run Behavior\BuildLiteBehavior [ RunTime:0.000011s ]
INFO: [ app_init ] --END-- [ RunTime:0.000600s ]

[ 2019-04-10T18:36:33+08:00 ] 127.0.0.1 /Public/Uploads/20190409/sm_sm_5cac7e59a09d3.png
INFO: [ app_init ] --START--
INFO: Run Behavior\BuildLiteBehavior [ RunTime:0.000009s ]
INFO: [ app_init ] --END-- [ RunTime:0.000583s ]

[ 2019-04-10T18:36:33+08:00 ] 127.0.0.1 /Public/Uploads/20190409/sm_sm_5cac7ec02100e.png
INFO: [ app_init ] --START--
INFO: Run Behavior\BuildLiteBehavior [ RunTime:0.000008s ]
INFO: [ app_init ] --END-- [ RunTime:0.000727s ]

[ 2019-04-10T18:36:34+08:00 ] 127.0.0.1 /Public/Uploads/20190409/sm_sm_5cac7e66ba082.png
INFO: [ app_init ] --START--
INFO: Run Behavior\BuildLiteBehavior [ RunTime:0.000012s ]
INFO: [ app_init ] --END-- [ RunTime:0.000557s ]

[ 2019-04-10T18:36:34+08:00 ] 127.0.0.1 /Public/Uploads/20190409/sm_sm_5cac7e59a09d3.png
INFO: [ app_init ] --START--
INFO: Run Behavior\BuildLiteBehavior [ RunTime:0.000006s ]
INFO: [ app_init ] --END-- [ RunTime:0.000484s ]

[ 2019-04-10T18:36:34+08:00 ] 127.0.0.1 /Public/Uploads/20190409/sm_sm_5cac7ec02100e.png
INFO: [ app_init ] --START--
INFO: Run Behavior\BuildLiteBehavior [ RunTime:0.000011s ]
INFO: [ app_init ] --END-- [ RunTime:0.000771s ]

[ 2019-04-10T18:36:34+08:00 ] 127.0.0.1 /Public/Uploads/20190409/sm_sm_5cac7e59a09d3.png
INFO: [ app_init ] --START--
INFO: Run Behavior\BuildLiteBehavior [ RunTime:0.000085s ]
INFO: [ app_init ] --END-- [ RunTime:0.001898s ]

[ 2019-04-10T18:36:34+08:00 ] 127.0.0.1 /Public/Uploads/20190409/sm_sm_5cac7e66ba082.png
INFO: [ app_init ] --START--
INFO: Run Behavior\BuildLiteBehavior [ RunTime:0.000021s ]
INFO: [ app_init ] --END-- [ RunTime:0.001076s ]

[ 2019-04-10T18:36:34+08:00 ] 127.0.0.1 /Public/Uploads/20190409/sm_sm_5cac7ec02100e.png
INFO: [ app_init ] --START--
INFO: Run Behavior\BuildLiteBehavior [ RunTime:0.000010s ]
INFO: [ app_init ] --END-- [ RunTime:0.000860s ]

[ 2019-04-10T18:36:34+08:00 ] 127.0.0.1 /Public/Uploads/20190409/sm_sm_5cac7e66ba082.png
INFO: [ app_init ] --START--
INFO: Run Behavior\BuildLiteBehavior [ RunTime:0.000009s ]
INFO: [ app_init ] --END-- [ RunTime:0.000526s ]

[ 2019-04-10T18:36:34+08:00 ] 127.0.0.1 /Public/Uploads/20190409/sm_sm_5cac7e59a09d3.png
INFO: [ app_init ] --START--
INFO: Run Behavior\BuildLiteBehavior [ RunTime:0.000021s ]
INFO: [ app_init ] --END-- [ RunTime:0.002761s ]

[ 2019-04-10T18:36:34+08:00 ] 127.0.0.1 /Public/Uploads/20190409/sm_sm_5cac7ec02100e.png
INFO: [ app_init ] --START--
INFO: Run Behavior\BuildLiteBehavior [ RunTime:0.000017s ]
INFO: [ app_init ] --END-- [ RunTime:0.002953s ]

[ 2019-04-10T18:36:36+08:00 ] 127.0.0.1 /Public/Uploads/20190410/sm_sm_5cadb7a3a68dd.png
INFO: [ app_init ] --START--
INFO: Run Behavior\BuildLiteBehavior [ RunTime:0.000013s ]
INFO: [ app_init ] --END-- [ RunTime:0.000784s ]

[ 2019-04-10T18:36:36+08:00 ] 127.0.0.1 /Public/Uploads/20190410/sm_sm_5cadc2d51094f.png
INFO: [ app_init ] --START--
INFO: Run Behavior\BuildLiteBehavior [ RunTime:0.000013s ]
INFO: [ app_init ] --END-- [ RunTime:0.000760s ]

[ 2019-04-10T18:36:36+08:00 ] 127.0.0.1 /Public/Uploads/20190410/sm_sm_5cadb75fcc3f8.gif
INFO: [ app_init ] --START--
INFO: Run Behavior\BuildLiteBehavior [ RunTime:0.000011s ]
INFO: [ app_init ] --END-- [ RunTime:0.001127s ]

[ 2019-04-10T18:36:37+08:00 ] 127.0.0.1 /Public/Uploads/20190410/sm_sm_5cadc44a79980.png
INFO: [ app_init ] --START--
INFO: Run Behavior\BuildLiteBehavior [ RunTime:0.000010s ]
INFO: [ app_init ] --END-- [ RunTime:0.001873s ]

[ 2019-04-10T18:36:42+08:00 ] 127.0.0.1 /Public/Uploads/20190410/sm_sm_5cadb75fcc3f8.gif
INFO: [ app_init ] --START--
INFO: Run Behavior\BuildLiteBehavior [ RunTime:0.000012s ]
INFO: [ app_init ] --END-- [ RunTime:0.000708s ]

[ 2019-04-10T18:36:42+08:00 ] 127.0.0.1 /Public/Uploads/20190410/sm_sm_5cadb7a3a68dd.png
INFO: [ app_init ] --START--
INFO: Run Behavior\BuildLiteBehavior [ RunTime:0.000010s ]
INFO: [ app_init ] --END-- [ RunTime:0.000591s ]

[ 2019-04-10T18:36:42+08:00 ] 127.0.0.1 /Public/Uploads/20190410/sm_sm_5cadc2d51094f.png
INFO: [ app_init ] --START--
INFO: Run Behavior\BuildLiteBehavior [ RunTime:0.000007s ]
INFO: [ app_init ] --END-- [ RunTime:0.000406s ]

[ 2019-04-10T18:37:48+08:00 ] 127.0.0.1 /Public/Uploads/20190410/sm_5cadaf608cced.png
INFO: [ app_init ] --START--
INFO: Run Behavior\BuildLiteBehavior [ RunTime:0.000008s ]
INFO: [ app_init ] --END-- [ RunTime:0.000546s ]

[ 2019-04-10T18:37:48+08:00 ] 127.0.0.1 /Public/Uploads/20190410/sm_5cadaf608cced.png
INFO: [ app_init ] --START--
INFO: Run Behavior\BuildLiteBehavior [ RunTime:0.000011s ]
INFO: [ app_init ] --END-- [ RunTime:0.000819s ]

[ 2019-04-10T18:37:53+08:00 ] 127.0.0.1 /Public/Uploads/20190410/sm_5cadb75fcc3f8.gif
INFO: [ app_init ] --START--
INFO: Run Behavior\BuildLiteBehavior [ RunTime:0.000012s ]
INFO: [ app_init ] --END-- [ RunTime:0.000591s ]

[ 2019-04-10T18:37:53+08:00 ] 127.0.0.1 /Public/Uploads/20190410/sm_5cadb7a3a68dd.png
INFO: [ app_init ] --START--
INFO: Run Behavior\BuildLiteBehavior [ RunTime:0.000011s ]
INFO: [ app_init ] --END-- [ RunTime:0.000612s ]

[ 2019-04-10T18:37:56+08:00 ] 127.0.0.1 /Public/Uploads/20190410/sm_5cadb7a3a68dd.png
INFO: [ app_init ] --START--
INFO: Run Behavior\BuildLiteBehavior [ RunTime:0.000039s ]
INFO: [ app_init ] --END-- [ RunTime:0.001230s ]

[ 2019-04-10T18:38:04+08:00 ] 127.0.0.1 /Public/Uploads/20190410/sm_5cadb75fcc3f8.gif
INFO: [ app_init ] --START--
INFO: Run Behavior\BuildLiteBehavior [ RunTime:0.000012s ]
INFO: [ app_init ] --END-- [ RunTime:0.000758s ]

[ 2019-04-10T18:38:08+08:00 ] 127.0.0.1 /Public/Uploads/20190410/sm_5cadb75fcc3f8.gif
INFO: [ app_init ] --START--
INFO: Run Behavior\BuildLiteBehavior [ RunTime:0.000008s ]
INFO: [ app_init ] --END-- [ RunTime:0.000494s ]

[ 2019-04-10T18:38:53+08:00 ] 127.0.0.1 /Public/Uploads/20190410/sm_5cadaf608cced.png
INFO: [ app_init ] --START--
INFO: Run Behavior\BuildLiteBehavior [ RunTime:0.000053s ]
INFO: [ app_init ] --END-- [ RunTime:0.002445s ]

[ 2019-04-10T18:38:56+08:00 ] 127.0.0.1 /Public/Uploads/20190410/sm_5cadaf608cced.png
INFO: [ app_init ] --START--
INFO: Run Behavior\BuildLiteBehavior [ RunTime:0.000011s ]
INFO: [ app_init ] --END-- [ RunTime:0.000898s ]

[ 2019-04-10T19:03:15+08:00 ] 127.0.0.1 /idnex.php?m=admin&c=part&a=create
INFO: [ app_init ] --START--
INFO: Run Behavior\BuildLiteBehavior [ RunTime:0.000009s ]
INFO: [ app_init ] --END-- [ RunTime:0.000619s ]
ERR: 无法加载模块:Idnex

[ 2019-04-10T19:03:21+08:00 ] 127.0.0.1 /idnex.php?m=admin&c=part&a=index
INFO: [ app_init ] --START--
INFO: Run Behavior\BuildLiteBehavior [ RunTime:0.000007s ]
INFO: [ app_init ] --END-- [ RunTime:0.000491s ]
ERR: 无法加载模块:Idnex

[ 2019-04-10T21:37:03+08:00 ] 127.0.0.1 /system.html
INFO: [ app_init ] --START--
INFO: Run Behavior\BuildLiteBehavior [ RunTime:0.000007s ]
INFO: [ app_init ] --END-- [ RunTime:0.000390s ]
ERR: 无法加载模块:System

[ 2019-04-10T21:37:03+08:00 ] 127.0.0.1 /system.html
INFO: [ app_init ] --START--
INFO: Run Behavior\BuildLiteBehavior [ RunTime:0.000007s ]
INFO: [ app_init ] --END-- [ RunTime:0.000484s ]
ERR: 无法加载模块:System

[ 2019-04-10T21:37:13+08:00 ] 127.0.0.1 /system.html
INFO: [ app_init ] --START--
INFO: Run Behavior\BuildLiteBehavior [ RunTime:0.000005s ]
INFO: [ app_init ] --END-- [ RunTime:0.000464s ]
ERR: 无法加载模块:System

[ 2019-04-10T21:37:16+08:00 ] 127.0.0.1 /system.html
INFO: [ app_init ] --START--
INFO: Run Behavior\BuildLiteBehavior [ RunTime:0.000006s ]
INFO: [ app_init ] --END-- [ RunTime:0.000554s ]
ERR: 无法加载模块:System

